<?xml version="1.0" encoding="UTF-8"?>
<testng-results ignored="0" total="6" passed="6" failed="0" skipped="0">
  <reporter-output>
  </reporter-output>
  <suite started-at="2020-12-14T09:01:19 CST" name="Suite" finished-at="2020-12-14T09:01:19 CST" duration-ms="38">
    <groups>
    </groups>
    <test started-at="2020-12-14T09:01:19 CST" name="Test" finished-at="2020-12-14T09:01:19 CST" duration-ms="38">
      <class name="qaclickacademy.Mavenjava.RestAPITest">
        <test-method signature="DeleteTwitter()[pri:0, instance:qaclickacademy.Mavenjava.RestAPITest@176d53b2]" started-at="2020-12-14T09:01:19 CST" name="DeleteTwitter" finished-at="2020-12-14T09:01:19 CST" duration-ms="4" status="PASS">
          <reporter-output>
          </reporter-output>
        </test-method> <!-- DeleteTwitter -->
        <test-method signature="PostJira()[pri:0, instance:qaclickacademy.Mavenjava.RestAPITest@176d53b2]" started-at="2020-12-14T09:01:19 CST" name="PostJira" finished-at="2020-12-14T09:01:19 CST" duration-ms="0" status="PASS">
          <reporter-output>
          </reporter-output>
        </test-method> <!-- PostJira -->
      </class> <!-- qaclickacademy.Mavenjava.RestAPITest -->
      <class name="qaclickacademy.Mavenjava.AppiumTest">
        <test-method signature="IOSApps()[pri:0, instance:qaclickacademy.Mavenjava.AppiumTest@971d0d8]" started-at="2020-12-14T09:01:19 CST" name="IOSApps" finished-at="2020-12-14T09:01:19 CST" duration-ms="0" status="PASS">
          <reporter-output>
          </reporter-output>
        </test-method> <!-- IOSApps -->
        <test-method signature="NativeAppAndroid()[pri:0, instance:qaclickacademy.Mavenjava.AppiumTest@971d0d8]" started-at="2020-12-14T09:01:19 CST" name="NativeAppAndroid" finished-at="2020-12-14T09:01:19 CST" duration-ms="0" status="PASS">
          <reporter-output>
          </reporter-output>
        </test-method> <!-- NativeAppAndroid -->
      </class> <!-- qaclickacademy.Mavenjava.AppiumTest -->
      <class name="qaclickacademy.Mavenjava.SeleniumTest">
        <test-method signature="BrowserAutomation()[pri:0, instance:qaclickacademy.Mavenjava.SeleniumTest@51931956]" started-at="2020-12-14T09:01:19 CST" name="BrowserAutomation" finished-at="2020-12-14T09:01:19 CST" duration-ms="1" status="PASS">
          <reporter-output>
          </reporter-output>
        </test-method> <!-- BrowserAutomation -->
        <test-method signature="ElementsUI()[pri:0, instance:qaclickacademy.Mavenjava.SeleniumTest@51931956]" started-at="2020-12-14T09:01:19 CST" name="ElementsUI" finished-at="2020-12-14T09:01:19 CST" duration-ms="0" status="PASS">
          <reporter-output>
          </reporter-output>
        </test-method> <!-- ElementsUI -->
      </class> <!-- qaclickacademy.Mavenjava.SeleniumTest -->
    </test> <!-- Test -->
  </suite> <!-- Suite -->
</testng-results>
