<?xml version="1.0" encoding="UTF-8"?>
<testng-results ignored="0" total="6" passed="6" failed="0" skipped="0">
  <reporter-output>
  </reporter-output>
  <suite started-at="2020-08-06T23:05:28 CDT" name="Suite" finished-at="2020-08-06T23:05:28 CDT" duration-ms="82">
    <groups>
    </groups>
    <test started-at="2020-08-06T23:05:28 CDT" name="Test" finished-at="2020-08-06T23:05:28 CDT" duration-ms="82">
      <class name="qaclickacademy.Mavenjava.RestAPITest">
        <test-method signature="DeleteTwitter()[pri:0, instance:qaclickacademy.Mavenjava.RestAPITest@7a52f2a2]" started-at="2020-08-06T23:05:28 CDT" name="DeleteTwitter" finished-at="2020-08-06T23:05:28 CDT" duration-ms="8" status="PASS">
          <reporter-output>
          </reporter-output>
        </test-method> <!-- DeleteTwitter -->
        <test-method signature="PostJira()[pri:0, instance:qaclickacademy.Mavenjava.RestAPITest@7a52f2a2]" started-at="2020-08-06T23:05:28 CDT" name="PostJira" finished-at="2020-08-06T23:05:28 CDT" duration-ms="1" status="PASS">
          <reporter-output>
          </reporter-output>
        </test-method> <!-- PostJira -->
      </class> <!-- qaclickacademy.Mavenjava.RestAPITest -->
      <class name="qaclickacademy.Mavenjava.AppiumTest">
        <test-method signature="IOSApps()[pri:0, instance:qaclickacademy.Mavenjava.AppiumTest@78047b92]" started-at="2020-08-06T23:05:28 CDT" name="IOSApps" finished-at="2020-08-06T23:05:28 CDT" duration-ms="6" status="PASS">
          <reporter-output>
          </reporter-output>
        </test-method> <!-- IOSApps -->
        <test-method signature="NativeAppAndroid()[pri:0, instance:qaclickacademy.Mavenjava.AppiumTest@78047b92]" started-at="2020-08-06T23:05:28 CDT" name="NativeAppAndroid" finished-at="2020-08-06T23:05:28 CDT" duration-ms="1" status="PASS">
          <reporter-output>
          </reporter-output>
        </test-method> <!-- NativeAppAndroid -->
      </class> <!-- qaclickacademy.Mavenjava.AppiumTest -->
      <class name="qaclickacademy.Mavenjava.SeleniumTest">
        <test-method signature="BrowserAutomation()[pri:0, instance:qaclickacademy.Mavenjava.SeleniumTest@8909f18]" started-at="2020-08-06T23:05:28 CDT" name="BrowserAutomation" finished-at="2020-08-06T23:05:28 CDT" duration-ms="3" status="PASS">
          <reporter-output>
          </reporter-output>
        </test-method> <!-- BrowserAutomation -->
        <test-method signature="ElementsUI()[pri:0, instance:qaclickacademy.Mavenjava.SeleniumTest@8909f18]" started-at="2020-08-06T23:05:28 CDT" name="ElementsUI" finished-at="2020-08-06T23:05:28 CDT" duration-ms="2" status="PASS">
          <reporter-output>
          </reporter-output>
        </test-method> <!-- ElementsUI -->
      </class> <!-- qaclickacademy.Mavenjava.SeleniumTest -->
    </test> <!-- Test -->
  </suite> <!-- Suite -->
</testng-results>
